<?xml version="1.0" encoding="utf-8"?><testsuite errors="0" failures="0" name="pytest" skipped="0" tests="16" time="1.741"><testcase classname="tests.test_decorators" file="tests/test_decorators.py" line="23" name="test_wrapper_merge_inputs" time="0.003"></testcase><testcase classname="tests.test_discovery" file="tests/test_discovery.py" line="26" name="test_wrap_consul_call" time="0.002"></testcase><testcase classname="tests.test_discovery" file="tests/test_discovery.py" line="42" name="test_generate_service_component_name" time="0.002"></testcase><testcase classname="tests.test_discovery" file="tests/test_discovery.py" line="48" name="test_find_matching_services" time="0.002"></testcase><testcase classname="tests.test_discovery" file="tests/test_discovery.py" line="63" name="test_is_healthy_pure" time="0.001"></testcase><testcase classname="tests.test_tasks" file="tests/test_tasks.py" line="28" name="test_generate_component_name" time="0.002"></testcase><testcase classname="tests.test_tasks" file="tests/test_tasks.py" line="39" name="test_parse_streams" time="0.002"></testcase><testcase classname="tests.test_tasks" file="tests/test_tasks.py" line="92" name="test_setup_for_discovery" time="0.003"></testcase><testcase classname="tests.test_tasks" file="tests/test_tasks.py" line="114" name="test_setup_for_discovery_streams" time="0.003"></testcase><testcase classname="tests.test_tasks" file="tests/test_tasks.py" line="172" name="test_lookup_service" time="0.003"></testcase><testcase classname="tests.test_tasks" file="tests/test_tasks.py" line="184" name="test_verify_container" time="1.004"></testcase><testcase classname="tests.test_tasks" file="tests/test_tasks.py" line="203" name="test_update_delivery_url" time="0.002"></testcase><testcase classname="tests.test_tasks" file="tests/test_tasks.py" line="230" name="test_enhance_docker_params" time="0.001"></testcase><testcase classname="tests.test_tasks" file="tests/test_tasks.py" line="274" name="test_notify_container" time="0.001"></testcase><testcase classname="tests.test_utils" file="tests/test_utils.py" line="23" name="test_random_string" time="0.002"></testcase><testcase classname="tests.test_utils" file="tests/test_utils.py" line="28" name="test_update_dict" time="0.001"></testcase></testsuite>