<?xml version="1.0" encoding="utf-8"?><testsuite errors="0" failures="0" name="pytest" skipped="0" tests="7" time="0.499"><testcase classname="tests.test_discovery" file="tests/test_discovery.py" line="42" name="test_discovery_failure" time="0.006"><system-out>17:17:24 [INFO] [mock-context-logger] getting service_url at http://consul:8500/v1/catalog/service/policy_handler
17:17:24 [INFO] [mock-context-logger] test_discovery_failure: ConnectionError - failed to get http://consul:8500/v1/catalog/service/policy_handler: monkey-boom test_dcae_policy_node_id context: {&quot;task_name&quot;: null, &quot;task_target&quot;: null, &quot;task_id&quot;: null, &quot;operation&quot;: {&quot;retry_number&quot;: null, &quot;name&quot;: null, &quot;max_retries&quot;: null}, &quot;instance&quot;: {&quot;id&quot;: &quot;test_dcae_policy_node_id&quot;, &quot;relationships&quot;: [], &quot;runtime_properties&quot;: {}}, &quot;execution_id&quot;: &quot;test_dcae_policy_exe_id&quot;, &quot;task_queue&quot;: null, &quot;blueprint.id&quot;: &quot;test_dcae_policy_bp_id&quot;, &quot;node&quot;: {&quot;type_hierarchy&quot;: [&quot;dcae.nodes.policy&quot;], &quot;id&quot;: &quot;test_dcae_policy_node_name&quot;, &quot;name&quot;: &quot;test_dcae_policy_node_name&quot;, &quot;properties&quot;: {&quot;policy_id&quot;: &quot;monkeyed.Config_peach&quot;}, &quot;type&quot;: &quot;dcae.nodes.policy&quot;}, &quot;workflow_id&quot;: null, &quot;type&quot;: &quot;node-instance&quot;, &quot;deployment.id&quot;: &quot;test_dcae_policy_dpl_id&quot;, &quot;plugin&quot;: {&quot;workdir&quot;: null, &quot;package_version&quot;: null, &quot;name&quot;: &quot;&quot;, &quot;package_name&quot;: null, &quot;prefix&quot;: &quot;/home/coe123/Documents/CLAMP/backup/plugins/dcae-policy/.tox/py27&quot;}}
</system-out></testcase><testcase classname="tests.test_discovery" file="tests/test_discovery.py" line="83" name="test_discovery_kv" time="0.004"><system-out>17:17:24 [INFO] [mock-context-logger] getting service_url at http://consul:8500/v1/catalog/service/policy_handler
17:17:24 [INFO] [mock-context-logger] got 200 for service_url at http://consul:8500/v1/catalog/service/policy_handler response: {}
17:17:24 [INFO] [mock-context-logger] getting kv at http://consul:8500/v1/kv/dcaepolicyplugin
17:17:24 [INFO] [mock-context-logger] got 200 for kv at http://consul:8500/v1/kv/dcaepolicyplugin response: [{&quot;Value&quot;: &quot;eyJkY2FlcG9saWN5cGx1Z2luIjogeyJwb2xpY3lfaGFuZGxlciI6IHsidXJsIjogImh0dHA6Ly9wb2xpY3lfaGFuZGxlcl9mcm9tX2t2OjI1NTc3In19fQ==&quot;}]
17:17:24 [INFO] [mock-context-logger] consul-kv key=dcaepolicyplugin value({&quot;dcaepolicyplugin&quot;: {&quot;policy_handler&quot;: {&quot;url&quot;: &quot;http://policy_handler_from_kv:25577&quot;}}}) data=[{&quot;Value&quot;: &quot;eyJkY2FlcG9saWN5cGx1Z2luIjogeyJwb2xpY3lfaGFuZGxlciI6IHsidXJsIjogImh0dHA6Ly9wb2xpY3lfaGFuZGxlcl9mcm9tX2t2OjI1NTc3In19fQ==&quot;}]
</system-out></testcase><testcase classname="tests.test_discovery" file="tests/test_discovery.py" line="110" name="test_discovery" time="0.005"><system-out>17:17:24 [INFO] [mock-context-logger] before PolicyHandler._lazy_init test_dcae_policy_node_id context: {&quot;task_name&quot;: null, &quot;task_target&quot;: null, &quot;task_id&quot;: null, &quot;operation&quot;: {&quot;retry_number&quot;: null, &quot;name&quot;: null, &quot;max_retries&quot;: null}, &quot;instance&quot;: {&quot;id&quot;: &quot;test_dcae_policy_node_id&quot;, &quot;relationships&quot;: [], &quot;runtime_properties&quot;: {}}, &quot;execution_id&quot;: &quot;test_dcae_policy_exe_id&quot;, &quot;task_queue&quot;: null, &quot;blueprint.id&quot;: &quot;test_dcae_policy_bp_id&quot;, &quot;node&quot;: {&quot;type_hierarchy&quot;: [&quot;dcae.nodes.policy&quot;], &quot;id&quot;: &quot;test_dcae_policy_node_name&quot;, &quot;name&quot;: &quot;test_dcae_policy_node_name&quot;, &quot;properties&quot;: {&quot;policy_id&quot;: &quot;monkeyed.Config_peach&quot;}, &quot;type&quot;: &quot;dcae.nodes.policy&quot;}, &quot;workflow_id&quot;: null, &quot;type&quot;: &quot;node-instance&quot;, &quot;deployment.id&quot;: &quot;test_dcae_policy_dpl_id&quot;, &quot;plugin&quot;: {&quot;workdir&quot;: null, &quot;package_version&quot;: null, &quot;name&quot;: &quot;&quot;, &quot;package_name&quot;: null, &quot;prefix&quot;: &quot;/home/coe123/Documents/CLAMP/backup/plugins/dcae-policy/.tox/py27&quot;}}
17:17:24 [INFO] [mock-context-logger] before PolicyHandler._lazy_init test_dcae_policy_node_id context: {&quot;task_name&quot;: null, &quot;task_target&quot;: null, &quot;task_id&quot;: null, &quot;operation&quot;: {&quot;retry_number&quot;: null, &quot;name&quot;: null, &quot;max_retries&quot;: null}, &quot;instance&quot;: {&quot;id&quot;: &quot;test_dcae_policy_node_id&quot;, &quot;relationships&quot;: [], &quot;runtime_properties&quot;: {}}, &quot;execution_id&quot;: &quot;test_dcae_policy_exe_id&quot;, &quot;task_queue&quot;: null, &quot;blueprint.id&quot;: &quot;test_dcae_policy_bp_id&quot;, &quot;node&quot;: {&quot;type_hierarchy&quot;: [&quot;dcae.nodes.policy&quot;], &quot;id&quot;: &quot;test_dcae_policy_node_name&quot;, &quot;name&quot;: &quot;test_dcae_policy_node_name&quot;, &quot;properties&quot;: {&quot;policy_id&quot;: &quot;monkeyed.Config_peach&quot;}, &quot;type&quot;: &quot;dcae.nodes.policy&quot;}, &quot;workflow_id&quot;: null, &quot;type&quot;: &quot;node-instance&quot;, &quot;deployment.id&quot;: &quot;test_dcae_policy_dpl_id&quot;, &quot;plugin&quot;: {&quot;workdir&quot;: null, &quot;package_version&quot;: null, &quot;name&quot;: &quot;&quot;, &quot;package_name&quot;: null, &quot;prefix&quot;: &quot;/home/coe123/Documents/CLAMP/backup/plugins/dcae-policy/.tox/py27&quot;}}
17:17:24 [INFO] [mock-context-logger] getting service_url at http://consul:8500/v1/catalog/service/policy_handler
17:17:24 [INFO] [mock-context-logger] getting service_url at http://consul:8500/v1/catalog/service/policy_handler
17:17:24 [INFO] [mock-context-logger] got 200 for service_url at http://consul:8500/v1/catalog/service/policy_handler response: [{&quot;ServicePort&quot;: &quot;9999&quot;, &quot;ServiceAddress&quot;: &quot;monkey-policy-handler-address&quot;}]
17:17:24 [INFO] [mock-context-logger] got 200 for service_url at http://consul:8500/v1/catalog/service/policy_handler response: [{&quot;ServicePort&quot;: &quot;9999&quot;, &quot;ServiceAddress&quot;: &quot;monkey-policy-handler-address&quot;}]
17:17:24 [INFO] [mock-context-logger] after PolicyHandler._lazy_init test_dcae_policy_node_id context: {&quot;task_name&quot;: null, &quot;task_target&quot;: null, &quot;task_id&quot;: null, &quot;operation&quot;: {&quot;retry_number&quot;: null, &quot;name&quot;: null, &quot;max_retries&quot;: null}, &quot;instance&quot;: {&quot;id&quot;: &quot;test_dcae_policy_node_id&quot;, &quot;relationships&quot;: [], &quot;runtime_properties&quot;: {}}, &quot;execution_id&quot;: &quot;test_dcae_policy_exe_id&quot;, &quot;task_queue&quot;: null, &quot;blueprint.id&quot;: &quot;test_dcae_policy_bp_id&quot;, &quot;node&quot;: {&quot;type_hierarchy&quot;: [&quot;dcae.nodes.policy&quot;], &quot;id&quot;: &quot;test_dcae_policy_node_name&quot;, &quot;name&quot;: &quot;test_dcae_policy_node_name&quot;, &quot;properties&quot;: {&quot;policy_id&quot;: &quot;monkeyed.Config_peach&quot;}, &quot;type&quot;: &quot;dcae.nodes.policy&quot;}, &quot;workflow_id&quot;: null, &quot;type&quot;: &quot;node-instance&quot;, &quot;deployment.id&quot;: &quot;test_dcae_policy_dpl_id&quot;, &quot;plugin&quot;: {&quot;workdir&quot;: null, &quot;package_version&quot;: null, &quot;name&quot;: &quot;&quot;, &quot;package_name&quot;: null, &quot;prefix&quot;: &quot;/home/coe123/Documents/CLAMP/backup/plugins/dcae-policy/.tox/py27&quot;}}
17:17:24 [INFO] [mock-context-logger] after PolicyHandler._lazy_init test_dcae_policy_node_id context: {&quot;task_name&quot;: null, &quot;task_target&quot;: null, &quot;task_id&quot;: null, &quot;operation&quot;: {&quot;retry_number&quot;: null, &quot;name&quot;: null, &quot;max_retries&quot;: null}, &quot;instance&quot;: {&quot;id&quot;: &quot;test_dcae_policy_node_id&quot;, &quot;relationships&quot;: [], &quot;runtime_properties&quot;: {}}, &quot;execution_id&quot;: &quot;test_dcae_policy_exe_id&quot;, &quot;task_queue&quot;: null, &quot;blueprint.id&quot;: &quot;test_dcae_policy_bp_id&quot;, &quot;node&quot;: {&quot;type_hierarchy&quot;: [&quot;dcae.nodes.policy&quot;], &quot;id&quot;: &quot;test_dcae_policy_node_name&quot;, &quot;name&quot;: &quot;test_dcae_policy_node_name&quot;, &quot;properties&quot;: {&quot;policy_id&quot;: &quot;monkeyed.Config_peach&quot;}, &quot;type&quot;: &quot;dcae.nodes.policy&quot;}, &quot;workflow_id&quot;: null, &quot;type&quot;: &quot;node-instance&quot;, &quot;deployment.id&quot;: &quot;test_dcae_policy_dpl_id&quot;, &quot;plugin&quot;: {&quot;workdir&quot;: null, &quot;package_version&quot;: null, &quot;name&quot;: &quot;&quot;, &quot;package_name&quot;: null, &quot;prefix&quot;: &quot;/home/coe123/Documents/CLAMP/backup/plugins/dcae-policy/.tox/py27&quot;}}
</system-out></testcase><testcase classname="tests.test_tasks" file="tests/test_tasks.py" line="44" name="test_policy_get" time="0.006"><system-out>17:17:24 [INFO] [mock-context-logger] before policy_get test_dcae_policy_node_id context: {&quot;task_name&quot;: null, &quot;task_target&quot;: null, &quot;task_id&quot;: null, &quot;operation&quot;: {&quot;retry_number&quot;: null, &quot;name&quot;: null, &quot;max_retries&quot;: null}, &quot;instance&quot;: {&quot;id&quot;: &quot;test_dcae_policy_node_id&quot;, &quot;relationships&quot;: [], &quot;runtime_properties&quot;: {}}, &quot;execution_id&quot;: &quot;test_dcae_policy_exe_id&quot;, &quot;task_queue&quot;: null, &quot;blueprint.id&quot;: &quot;test_dcae_policy_bp_id&quot;, &quot;node&quot;: {&quot;type_hierarchy&quot;: [&quot;dcae.nodes.policy&quot;], &quot;id&quot;: &quot;test_dcae_policy_node_name&quot;, &quot;name&quot;: &quot;test_dcae_policy_node_name&quot;, &quot;properties&quot;: {&quot;policy_id&quot;: &quot;monkeyed.Config_peach&quot;}, &quot;type&quot;: &quot;dcae.nodes.policy&quot;}, &quot;workflow_id&quot;: null, &quot;type&quot;: &quot;node-instance&quot;, &quot;deployment.id&quot;: &quot;test_dcae_policy_dpl_id&quot;, &quot;plugin&quot;: {&quot;workdir&quot;: null, &quot;package_version&quot;: null, &quot;name&quot;: &quot;&quot;, &quot;package_name&quot;: null, &quot;prefix&quot;: &quot;/home/coe123/Documents/CLAMP/backup/plugins/dcae-policy/.tox/py27&quot;}}
17:17:24 [INFO] [mock-context-logger] before policy_get test_dcae_policy_node_id context: {&quot;task_name&quot;: null, &quot;task_target&quot;: null, &quot;task_id&quot;: null, &quot;operation&quot;: {&quot;retry_number&quot;: null, &quot;name&quot;: null, &quot;max_retries&quot;: null}, &quot;instance&quot;: {&quot;id&quot;: &quot;test_dcae_policy_node_id&quot;, &quot;relationships&quot;: [], &quot;runtime_properties&quot;: {}}, &quot;execution_id&quot;: &quot;test_dcae_policy_exe_id&quot;, &quot;task_queue&quot;: null, &quot;blueprint.id&quot;: &quot;test_dcae_policy_bp_id&quot;, &quot;node&quot;: {&quot;type_hierarchy&quot;: [&quot;dcae.nodes.policy&quot;], &quot;id&quot;: &quot;test_dcae_policy_node_name&quot;, &quot;name&quot;: &quot;test_dcae_policy_node_name&quot;, &quot;properties&quot;: {&quot;policy_id&quot;: &quot;monkeyed.Config_peach&quot;}, &quot;type&quot;: &quot;dcae.nodes.policy&quot;}, &quot;workflow_id&quot;: null, &quot;type&quot;: &quot;node-instance&quot;, &quot;deployment.id&quot;: &quot;test_dcae_policy_dpl_id&quot;, &quot;plugin&quot;: {&quot;workdir&quot;: null, &quot;package_version&quot;: null, &quot;name&quot;: &quot;&quot;, &quot;package_name&quot;: null, &quot;prefix&quot;: &quot;/home/coe123/Documents/CLAMP/backup/plugins/dcae-policy/.tox/py27&quot;}}
17:17:24 [INFO] [mock-context-logger] getting latest policy from http://policy-handler/policy_latest/monkeyed.Config_peach headers={&quot;X-ECOMP-RequestID&quot;: &quot;325e824a-83bb-4a52-87c8-f755c006bddf&quot;}
17:17:24 [INFO] [mock-context-logger] getting latest policy from http://policy-handler/policy_latest/monkeyed.Config_peach headers={&quot;X-ECOMP-RequestID&quot;: &quot;325e824a-83bb-4a52-87c8-f755c006bddf&quot;}
17:17:24 [INFO] [mock-context-logger] latest policy for policy_id(monkeyed.Config_peach) status(200) response: {&quot;policy_id&quot;: &quot;monkeyed.Config_peach&quot;, &quot;policy_body&quot;: {&quot;policyVersion&quot;: &quot;1&quot;, &quot;policyName&quot;: &quot;monkeyed.Config_peach.1.xml&quot;, &quot;responseAttributes&quot;: {}, &quot;policyConfigMessage&quot;: &quot;Config Retrieved! &quot;, &quot;type&quot;: &quot;JSON&quot;, &quot;property&quot;: null, &quot;matchingConditions&quot;: {&quot;ConfigName&quot;: &quot;alex_config_name&quot;, &quot;ONAPName&quot;: &quot;DCAE&quot;}, &quot;policyConfigStatus&quot;: &quot;CONFIG_RETRIEVED&quot;, &quot;config&quot;: {&quot;policy_updated_ts&quot;: &quot;2019-04-10T11:47:24.369Z&quot;, &quot;updated_policy_id&quot;: &quot;monkeyed.Config_peach&quot;, &quot;policy_updated_from_ver&quot;: &quot;0&quot;, &quot;policy_hello&quot;: &quot;world!&quot;, &quot;policy_updated_to_ver&quot;: &quot;1&quot;}}}
17:17:24 [INFO] [mock-context-logger] latest policy for policy_id(monkeyed.Config_peach) status(200) response: {&quot;policy_id&quot;: &quot;monkeyed.Config_peach&quot;, &quot;policy_body&quot;: {&quot;policyVersion&quot;: &quot;1&quot;, &quot;policyName&quot;: &quot;monkeyed.Config_peach.1.xml&quot;, &quot;responseAttributes&quot;: {}, &quot;policyConfigMessage&quot;: &quot;Config Retrieved! &quot;, &quot;type&quot;: &quot;JSON&quot;, &quot;property&quot;: null, &quot;matchingConditions&quot;: {&quot;ConfigName&quot;: &quot;alex_config_name&quot;, &quot;ONAPName&quot;: &quot;DCAE&quot;}, &quot;policyConfigStatus&quot;: &quot;CONFIG_RETRIEVED&quot;, &quot;config&quot;: {&quot;policy_updated_ts&quot;: &quot;2019-04-10T11:47:24.369Z&quot;, &quot;updated_policy_id&quot;: &quot;monkeyed.Config_peach&quot;, &quot;policy_updated_from_ver&quot;: &quot;0&quot;, &quot;policy_hello&quot;: &quot;world!&quot;, &quot;policy_updated_to_ver&quot;: &quot;1&quot;}}}
17:17:24 [INFO] [mock-context-logger] found policy monkeyed.Config_peach: {&quot;policy_id&quot;: &quot;monkeyed.Config_peach&quot;, &quot;policy_body&quot;: {&quot;policyVersion&quot;: &quot;1&quot;, &quot;policyName&quot;: &quot;monkeyed.Config_peach.1.xml&quot;, &quot;responseAttributes&quot;: {}, &quot;policyConfigMessage&quot;: &quot;Config Retrieved! &quot;, &quot;type&quot;: &quot;JSON&quot;, &quot;property&quot;: null, &quot;matchingConditions&quot;: {&quot;ConfigName&quot;: &quot;alex_config_name&quot;, &quot;ONAPName&quot;: &quot;DCAE&quot;}, &quot;policyConfigStatus&quot;: &quot;CONFIG_RETRIEVED&quot;, &quot;config&quot;: {&quot;policy_updated_ts&quot;: &quot;2019-04-10T11:47:24.369Z&quot;, &quot;updated_policy_id&quot;: &quot;monkeyed.Config_peach&quot;, &quot;policy_updated_from_ver&quot;: &quot;0&quot;, &quot;policy_hello&quot;: &quot;world!&quot;, &quot;policy_updated_to_ver&quot;: &quot;1&quot;}}}
17:17:24 [INFO] [mock-context-logger] found policy monkeyed.Config_peach: {&quot;policy_id&quot;: &quot;monkeyed.Config_peach&quot;, &quot;policy_body&quot;: {&quot;policyVersion&quot;: &quot;1&quot;, &quot;policyName&quot;: &quot;monkeyed.Config_peach.1.xml&quot;, &quot;responseAttributes&quot;: {}, &quot;policyConfigMessage&quot;: &quot;Config Retrieved! &quot;, &quot;type&quot;: &quot;JSON&quot;, &quot;property&quot;: null, &quot;matchingConditions&quot;: {&quot;ConfigName&quot;: &quot;alex_config_name&quot;, &quot;ONAPName&quot;: &quot;DCAE&quot;}, &quot;policyConfigStatus&quot;: &quot;CONFIG_RETRIEVED&quot;, &quot;config&quot;: {&quot;policy_updated_ts&quot;: &quot;2019-04-10T11:47:24.369Z&quot;, &quot;updated_policy_id&quot;: &quot;monkeyed.Config_peach&quot;, &quot;policy_updated_from_ver&quot;: &quot;0&quot;, &quot;policy_hello&quot;: &quot;world!&quot;, &quot;policy_updated_to_ver&quot;: &quot;1&quot;}}}
17:17:24 [INFO] [mock-context-logger] exit policy_get
17:17:24 [INFO] [mock-context-logger] exit policy_get
17:17:24 [INFO] [mock-context-logger] after policy_get test_dcae_policy_node_id context: {&quot;task_name&quot;: null, &quot;task_target&quot;: null, &quot;task_id&quot;: null, &quot;operation&quot;: {&quot;retry_number&quot;: null, &quot;name&quot;: null, &quot;max_retries&quot;: null}, &quot;instance&quot;: {&quot;id&quot;: &quot;test_dcae_policy_node_id&quot;, &quot;relationships&quot;: [], &quot;runtime_properties&quot;: {&quot;policy_body&quot;: {&quot;policyVersion&quot;: &quot;1&quot;, &quot;policyName&quot;: &quot;monkeyed.Config_peach.1.xml&quot;, &quot;responseAttributes&quot;: {}, &quot;policyConfigMessage&quot;: &quot;Config Retrieved! &quot;, &quot;type&quot;: &quot;JSON&quot;, &quot;property&quot;: null, &quot;matchingConditions&quot;: {&quot;ConfigName&quot;: &quot;alex_config_name&quot;, &quot;ONAPName&quot;: &quot;DCAE&quot;}, &quot;policyConfigStatus&quot;: &quot;CONFIG_RETRIEVED&quot;, &quot;config&quot;: {&quot;policy_updated_ts&quot;: &quot;2019-04-10T11:47:24.369Z&quot;, &quot;updated_policy_id&quot;: &quot;monkeyed.Config_peach&quot;, &quot;policy_updated_from_ver&quot;: &quot;0&quot;, &quot;policy_hello&quot;: &quot;world!&quot;, &quot;policy_updated_to_ver&quot;: &quot;1&quot;}}}}, &quot;execution_id&quot;: &quot;test_dcae_policy_exe_id&quot;, &quot;task_queue&quot;: null, &quot;blueprint.id&quot;: &quot;test_dcae_policy_bp_id&quot;, &quot;node&quot;: {&quot;type_hierarchy&quot;: [&quot;dcae.nodes.policy&quot;], &quot;id&quot;: &quot;test_dcae_policy_node_name&quot;, &quot;name&quot;: &quot;test_dcae_policy_node_name&quot;, &quot;properties&quot;: {&quot;policy_id&quot;: &quot;monkeyed.Config_peach&quot;}, &quot;type&quot;: &quot;dcae.nodes.policy&quot;}, &quot;workflow_id&quot;: null, &quot;type&quot;: &quot;node-instance&quot;, &quot;deployment.id&quot;: &quot;test_dcae_policy_dpl_id&quot;, &quot;plugin&quot;: {&quot;workdir&quot;: null, &quot;package_version&quot;: null, &quot;name&quot;: &quot;&quot;, &quot;package_name&quot;: null, &quot;prefix&quot;: &quot;/home/coe123/Documents/CLAMP/backup/plugins/dcae-policy/.tox/py27&quot;}}
17:17:24 [INFO] [mock-context-logger] after policy_get test_dcae_policy_node_id context: {&quot;task_name&quot;: null, &quot;task_target&quot;: null, &quot;task_id&quot;: null, &quot;operation&quot;: {&quot;retry_number&quot;: null, &quot;name&quot;: null, &quot;max_retries&quot;: null}, &quot;instance&quot;: {&quot;id&quot;: &quot;test_dcae_policy_node_id&quot;, &quot;relationships&quot;: [], &quot;runtime_properties&quot;: {&quot;policy_body&quot;: {&quot;policyVersion&quot;: &quot;1&quot;, &quot;policyName&quot;: &quot;monkeyed.Config_peach.1.xml&quot;, &quot;responseAttributes&quot;: {}, &quot;policyConfigMessage&quot;: &quot;Config Retrieved! &quot;, &quot;type&quot;: &quot;JSON&quot;, &quot;property&quot;: null, &quot;matchingConditions&quot;: {&quot;ConfigName&quot;: &quot;alex_config_name&quot;, &quot;ONAPName&quot;: &quot;DCAE&quot;}, &quot;policyConfigStatus&quot;: &quot;CONFIG_RETRIEVED&quot;, &quot;config&quot;: {&quot;policy_updated_ts&quot;: &quot;2019-04-10T11:47:24.369Z&quot;, &quot;updated_policy_id&quot;: &quot;monkeyed.Config_peach&quot;, &quot;policy_updated_from_ver&quot;: &quot;0&quot;, &quot;policy_hello&quot;: &quot;world!&quot;, &quot;policy_updated_to_ver&quot;: &quot;1&quot;}}}}, &quot;execution_id&quot;: &quot;test_dcae_policy_exe_id&quot;, &quot;task_queue&quot;: null, &quot;blueprint.id&quot;: &quot;test_dcae_policy_bp_id&quot;, &quot;node&quot;: {&quot;type_hierarchy&quot;: [&quot;dcae.nodes.policy&quot;], &quot;id&quot;: &quot;test_dcae_policy_node_name&quot;, &quot;name&quot;: &quot;test_dcae_policy_node_name&quot;, &quot;properties&quot;: {&quot;policy_id&quot;: &quot;monkeyed.Config_peach&quot;}, &quot;type&quot;: &quot;dcae.nodes.policy&quot;}, &quot;workflow_id&quot;: null, &quot;type&quot;: &quot;node-instance&quot;, &quot;deployment.id&quot;: &quot;test_dcae_policy_dpl_id&quot;, &quot;plugin&quot;: {&quot;workdir&quot;: null, &quot;package_version&quot;: null, &quot;name&quot;: &quot;&quot;, &quot;package_name&quot;: null, &quot;prefix&quot;: &quot;/home/coe123/Documents/CLAMP/backup/plugins/dcae-policy/.tox/py27&quot;}}
17:17:24 [INFO] [mock-context-logger] expected runtime_properties: {&quot;policy_body&quot;: {&quot;policyVersion&quot;: &quot;1&quot;, &quot;policyName&quot;: &quot;monkeyed.Config_peach.1.xml&quot;, &quot;responseAttributes&quot;: {}, &quot;policyConfigMessage&quot;: &quot;Config Retrieved! &quot;, &quot;type&quot;: &quot;JSON&quot;, &quot;property&quot;: null, &quot;matchingConditions&quot;: {&quot;ConfigName&quot;: &quot;alex_config_name&quot;, &quot;ONAPName&quot;: &quot;DCAE&quot;}, &quot;policyConfigStatus&quot;: &quot;CONFIG_RETRIEVED&quot;, &quot;config&quot;: {&quot;policy_updated_ts&quot;: &quot;2019-04-10T11:47:24.369Z&quot;, &quot;updated_policy_id&quot;: &quot;monkeyed.Config_peach&quot;, &quot;policy_updated_from_ver&quot;: &quot;0&quot;, &quot;policy_hello&quot;: &quot;world!&quot;, &quot;policy_updated_to_ver&quot;: &quot;1&quot;}}}
17:17:24 [INFO] [mock-context-logger] expected runtime_properties: {&quot;policy_body&quot;: {&quot;policyVersion&quot;: &quot;1&quot;, &quot;policyName&quot;: &quot;monkeyed.Config_peach.1.xml&quot;, &quot;responseAttributes&quot;: {}, &quot;policyConfigMessage&quot;: &quot;Config Retrieved! &quot;, &quot;type&quot;: &quot;JSON&quot;, &quot;property&quot;: null, &quot;matchingConditions&quot;: {&quot;ConfigName&quot;: &quot;alex_config_name&quot;, &quot;ONAPName&quot;: &quot;DCAE&quot;}, &quot;policyConfigStatus&quot;: &quot;CONFIG_RETRIEVED&quot;, &quot;config&quot;: {&quot;policy_updated_ts&quot;: &quot;2019-04-10T11:47:24.369Z&quot;, &quot;updated_policy_id&quot;: &quot;monkeyed.Config_peach&quot;, &quot;policy_updated_from_ver&quot;: &quot;0&quot;, &quot;policy_hello&quot;: &quot;world!&quot;, &quot;policy_updated_to_ver&quot;: &quot;1&quot;}}}
17:17:24 [INFO] [mock-context-logger] runtime_properties: {&quot;policy_body&quot;: {&quot;policyVersion&quot;: &quot;1&quot;, &quot;policyName&quot;: &quot;monkeyed.Config_peach.1.xml&quot;, &quot;responseAttributes&quot;: {}, &quot;policyConfigMessage&quot;: &quot;Config Retrieved! &quot;, &quot;type&quot;: &quot;JSON&quot;, &quot;property&quot;: null, &quot;matchingConditions&quot;: {&quot;ConfigName&quot;: &quot;alex_config_name&quot;, &quot;ONAPName&quot;: &quot;DCAE&quot;}, &quot;policyConfigStatus&quot;: &quot;CONFIG_RETRIEVED&quot;, &quot;config&quot;: {&quot;policy_updated_ts&quot;: &quot;2019-04-10T11:47:24.369Z&quot;, &quot;updated_policy_id&quot;: &quot;monkeyed.Config_peach&quot;, &quot;policy_updated_from_ver&quot;: &quot;0&quot;, &quot;policy_hello&quot;: &quot;world!&quot;, &quot;policy_updated_to_ver&quot;: &quot;1&quot;}}}
17:17:24 [INFO] [mock-context-logger] runtime_properties: {&quot;policy_body&quot;: {&quot;policyVersion&quot;: &quot;1&quot;, &quot;policyName&quot;: &quot;monkeyed.Config_peach.1.xml&quot;, &quot;responseAttributes&quot;: {}, &quot;policyConfigMessage&quot;: &quot;Config Retrieved! &quot;, &quot;type&quot;: &quot;JSON&quot;, &quot;property&quot;: null, &quot;matchingConditions&quot;: {&quot;ConfigName&quot;: &quot;alex_config_name&quot;, &quot;ONAPName&quot;: &quot;DCAE&quot;}, &quot;policyConfigStatus&quot;: &quot;CONFIG_RETRIEVED&quot;, &quot;config&quot;: {&quot;policy_updated_ts&quot;: &quot;2019-04-10T11:47:24.369Z&quot;, &quot;updated_policy_id&quot;: &quot;monkeyed.Config_peach&quot;, &quot;policy_updated_from_ver&quot;: &quot;0&quot;, &quot;policy_hello&quot;: &quot;world!&quot;, &quot;policy_updated_to_ver&quot;: &quot;1&quot;}}}
</system-out></testcase><testcase classname="tests.test_tasks" file="tests/test_tasks.py" line="77" name="test_policy_get_fail" time="0.004"><system-out>17:17:24 [INFO] [mock-context-logger] ctx of node_ms not policy type test_ms_id context: {&quot;task_name&quot;: null, &quot;task_target&quot;: null, &quot;task_id&quot;: null, &quot;operation&quot;: {&quot;retry_number&quot;: null, &quot;name&quot;: null, &quot;max_retries&quot;: null}, &quot;instance&quot;: {&quot;id&quot;: &quot;test_ms_id&quot;, &quot;relationships&quot;: [{&quot;target&quot;: {&quot;instance&quot;: {&quot;id&quot;: &quot;test_dcae_policy_node_id&quot;, &quot;relationships&quot;: [], &quot;runtime_properties&quot;: {}}, &quot;node&quot;: {&quot;type_hierarchy&quot;: [&quot;dcae.nodes.policy&quot;], &quot;id&quot;: &quot;test_dcae_policy_node_name&quot;, &quot;name&quot;: &quot;test_dcae_policy_node_name&quot;, &quot;properties&quot;: {&quot;policy_id&quot;: &quot;monkeyed.Config_peach&quot;}, &quot;type&quot;: &quot;dcae.nodes.policy&quot;}}, &quot;type_hierarchy&quot;: [&quot;cloudify.relationships.depends_on&quot;], &quot;type&quot;: &quot;cloudify.relationships.depends_on&quot;}], &quot;runtime_properties&quot;: {}}, &quot;execution_id&quot;: &quot;test_dcae_policy_exe_id&quot;, &quot;task_queue&quot;: null, &quot;blueprint.id&quot;: &quot;test_dcae_policy_bp_id&quot;, &quot;node&quot;: {&quot;type_hierarchy&quot;: [&quot;ms.nodes.type&quot;], &quot;id&quot;: &quot;test_ms_name&quot;, &quot;name&quot;: &quot;test_ms_name&quot;, &quot;properties&quot;: {}, &quot;type&quot;: &quot;ms.nodes.type&quot;}, &quot;workflow_id&quot;: null, &quot;type&quot;: &quot;node-instance&quot;, &quot;deployment.id&quot;: &quot;test_dcae_policy_dpl_id&quot;, &quot;plugin&quot;: {&quot;workdir&quot;: null, &quot;package_version&quot;: null, &quot;name&quot;: &quot;&quot;, &quot;package_name&quot;: null, &quot;prefix&quot;: &quot;/home/coe123/Documents/CLAMP/backup/plugins/dcae-policy/.tox/py27&quot;}}
17:17:24 [INFO] [mock-context-logger] ctx of node_ms not policy type test_ms_id context: {&quot;task_name&quot;: null, &quot;task_target&quot;: null, &quot;task_id&quot;: null, &quot;operation&quot;: {&quot;retry_number&quot;: null, &quot;name&quot;: null, &quot;max_retries&quot;: null}, &quot;instance&quot;: {&quot;id&quot;: &quot;test_ms_id&quot;, &quot;relationships&quot;: [{&quot;target&quot;: {&quot;instance&quot;: {&quot;id&quot;: &quot;test_dcae_policy_node_id&quot;, &quot;relationships&quot;: [], &quot;runtime_properties&quot;: {}}, &quot;node&quot;: {&quot;type_hierarchy&quot;: [&quot;dcae.nodes.policy&quot;], &quot;id&quot;: &quot;test_dcae_policy_node_name&quot;, &quot;name&quot;: &quot;test_dcae_policy_node_name&quot;, &quot;properties&quot;: {&quot;policy_id&quot;: &quot;monkeyed.Config_peach&quot;}, &quot;type&quot;: &quot;dcae.nodes.policy&quot;}}, &quot;type_hierarchy&quot;: [&quot;cloudify.relationships.depends_on&quot;], &quot;type&quot;: &quot;cloudify.relationships.depends_on&quot;}], &quot;runtime_properties&quot;: {}}, &quot;execution_id&quot;: &quot;test_dcae_policy_exe_id&quot;, &quot;task_queue&quot;: null, &quot;blueprint.id&quot;: &quot;test_dcae_policy_bp_id&quot;, &quot;node&quot;: {&quot;type_hierarchy&quot;: [&quot;ms.nodes.type&quot;], &quot;id&quot;: &quot;test_ms_name&quot;, &quot;name&quot;: &quot;test_ms_name&quot;, &quot;properties&quot;: {}, &quot;type&quot;: &quot;ms.nodes.type&quot;}, &quot;workflow_id&quot;: null, &quot;type&quot;: &quot;node-instance&quot;, &quot;deployment.id&quot;: &quot;test_dcae_policy_dpl_id&quot;, &quot;plugin&quot;: {&quot;workdir&quot;: null, &quot;package_version&quot;: null, &quot;name&quot;: &quot;&quot;, &quot;package_name&quot;: null, &quot;prefix&quot;: &quot;/home/coe123/Documents/CLAMP/backup/plugins/dcae-policy/.tox/py27&quot;}}
17:17:24 [ERROR] [mock-context-logger] unexpected node type [&apos;ms.nodes.type&apos;] for policy_get - expected types: [&apos;dcae.nodes.policy&apos;, &apos;dcae.nodes.policies&apos;]
17:17:24 [ERROR] [mock-context-logger] unexpected node type [&apos;ms.nodes.type&apos;] for policy_get - expected types: [&apos;dcae.nodes.policy&apos;, &apos;dcae.nodes.policies&apos;]
17:17:24 [INFO] [mock-context-logger] node_ms not policy type boom: unexpected node type [&apos;ms.nodes.type&apos;] for policy_get - expected types: [&apos;dcae.nodes.policy&apos;, &apos;dcae.nodes.policies&apos;] test_ms_id context: {&quot;task_name&quot;: null, &quot;task_target&quot;: null, &quot;task_id&quot;: null, &quot;operation&quot;: {&quot;retry_number&quot;: null, &quot;name&quot;: null, &quot;max_retries&quot;: null}, &quot;instance&quot;: {&quot;id&quot;: &quot;test_ms_id&quot;, &quot;relationships&quot;: [{&quot;target&quot;: {&quot;instance&quot;: {&quot;id&quot;: &quot;test_dcae_policy_node_id&quot;, &quot;relationships&quot;: [], &quot;runtime_properties&quot;: {}}, &quot;node&quot;: {&quot;type_hierarchy&quot;: [&quot;dcae.nodes.policy&quot;], &quot;id&quot;: &quot;test_dcae_policy_node_name&quot;, &quot;name&quot;: &quot;test_dcae_policy_node_name&quot;, &quot;properties&quot;: {&quot;policy_id&quot;: &quot;monkeyed.Config_peach&quot;}, &quot;type&quot;: &quot;dcae.nodes.policy&quot;}}, &quot;type_hierarchy&quot;: [&quot;cloudify.relationships.depends_on&quot;], &quot;type&quot;: &quot;cloudify.relationships.depends_on&quot;}], &quot;runtime_properties&quot;: {}}, &quot;execution_id&quot;: &quot;test_dcae_policy_exe_id&quot;, &quot;task_queue&quot;: null, &quot;blueprint.id&quot;: &quot;test_dcae_policy_bp_id&quot;, &quot;node&quot;: {&quot;type_hierarchy&quot;: [&quot;ms.nodes.type&quot;], &quot;id&quot;: &quot;test_ms_name&quot;, &quot;name&quot;: &quot;test_ms_name&quot;, &quot;properties&quot;: {}, &quot;type&quot;: &quot;ms.nodes.type&quot;}, &quot;workflow_id&quot;: null, &quot;type&quot;: &quot;node-instance&quot;, &quot;deployment.id&quot;: &quot;test_dcae_policy_dpl_id&quot;, &quot;plugin&quot;: {&quot;workdir&quot;: null, &quot;package_version&quot;: null, &quot;name&quot;: &quot;&quot;, &quot;package_name&quot;: null, &quot;prefix&quot;: &quot;/home/coe123/Documents/CLAMP/backup/plugins/dcae-policy/.tox/py27&quot;}}
17:17:24 [INFO] [mock-context-logger] node_ms not policy type boom: unexpected node type [&apos;ms.nodes.type&apos;] for policy_get - expected types: [&apos;dcae.nodes.policy&apos;, &apos;dcae.nodes.policies&apos;] test_ms_id context: {&quot;task_name&quot;: null, &quot;task_target&quot;: null, &quot;task_id&quot;: null, &quot;operation&quot;: {&quot;retry_number&quot;: null, &quot;name&quot;: null, &quot;max_retries&quot;: null}, &quot;instance&quot;: {&quot;id&quot;: &quot;test_ms_id&quot;, &quot;relationships&quot;: [{&quot;target&quot;: {&quot;instance&quot;: {&quot;id&quot;: &quot;test_dcae_policy_node_id&quot;, &quot;relationships&quot;: [], &quot;runtime_properties&quot;: {}}, &quot;node&quot;: {&quot;type_hierarchy&quot;: [&quot;dcae.nodes.policy&quot;], &quot;id&quot;: &quot;test_dcae_policy_node_name&quot;, &quot;name&quot;: &quot;test_dcae_policy_node_name&quot;, &quot;properties&quot;: {&quot;policy_id&quot;: &quot;monkeyed.Config_peach&quot;}, &quot;type&quot;: &quot;dcae.nodes.policy&quot;}}, &quot;type_hierarchy&quot;: [&quot;cloudify.relationships.depends_on&quot;], &quot;type&quot;: &quot;cloudify.relationships.depends_on&quot;}], &quot;runtime_properties&quot;: {}}, &quot;execution_id&quot;: &quot;test_dcae_policy_exe_id&quot;, &quot;task_queue&quot;: null, &quot;blueprint.id&quot;: &quot;test_dcae_policy_bp_id&quot;, &quot;node&quot;: {&quot;type_hierarchy&quot;: [&quot;ms.nodes.type&quot;], &quot;id&quot;: &quot;test_ms_name&quot;, &quot;name&quot;: &quot;test_ms_name&quot;, &quot;properties&quot;: {}, &quot;type&quot;: &quot;ms.nodes.type&quot;}, &quot;workflow_id&quot;: null, &quot;type&quot;: &quot;node-instance&quot;, &quot;deployment.id&quot;: &quot;test_dcae_policy_dpl_id&quot;, &quot;plugin&quot;: {&quot;workdir&quot;: null, &quot;package_version&quot;: null, &quot;name&quot;: &quot;&quot;, &quot;package_name&quot;: null, &quot;prefix&quot;: &quot;/home/coe123/Documents/CLAMP/backup/plugins/dcae-policy/.tox/py27&quot;}}
</system-out></testcase><testcase classname="tests.test_tasks" file="tests/test_tasks.py" line="116" name="test_policies_find" time="0.006"><system-out>17:17:24 [INFO] [mock-context-logger] before policy_get test_dcae_policies_node_id context: {&quot;task_name&quot;: null, &quot;task_target&quot;: null, &quot;task_id&quot;: null, &quot;operation&quot;: {&quot;retry_number&quot;: null, &quot;name&quot;: null, &quot;max_retries&quot;: null}, &quot;instance&quot;: {&quot;id&quot;: &quot;test_dcae_policies_node_id&quot;, &quot;relationships&quot;: [], &quot;runtime_properties&quot;: {}}, &quot;execution_id&quot;: &quot;test_dcae_policy_exe_id&quot;, &quot;task_queue&quot;: null, &quot;blueprint.id&quot;: &quot;test_dcae_policy_bp_id&quot;, &quot;node&quot;: {&quot;type_hierarchy&quot;: [&quot;dcae.nodes.policies&quot;], &quot;id&quot;: &quot;test_dcae_policies_node_name&quot;, &quot;name&quot;: &quot;test_dcae_policies_node_name&quot;, &quot;properties&quot;: {&quot;policy_filter&quot;: {&quot;policyName&quot;: &quot;monkeyed.Config_peach&quot;, &quot;configAttributes&quot;: &quot;{\&quot;ConfigName\&quot;: \&quot;alex_config_name\&quot;}&quot;}}, &quot;type&quot;: &quot;dcae.nodes.policies&quot;}, &quot;workflow_id&quot;: null, &quot;type&quot;: &quot;node-instance&quot;, &quot;deployment.id&quot;: &quot;test_dcae_policy_dpl_id&quot;, &quot;plugin&quot;: {&quot;workdir&quot;: null, &quot;package_version&quot;: null, &quot;name&quot;: &quot;&quot;, &quot;package_name&quot;: null, &quot;prefix&quot;: &quot;/home/coe123/Documents/CLAMP/backup/plugins/dcae-policy/.tox/py27&quot;}}
17:17:24 [INFO] [mock-context-logger] before policy_get test_dcae_policies_node_id context: {&quot;task_name&quot;: null, &quot;task_target&quot;: null, &quot;task_id&quot;: null, &quot;operation&quot;: {&quot;retry_number&quot;: null, &quot;name&quot;: null, &quot;max_retries&quot;: null}, &quot;instance&quot;: {&quot;id&quot;: &quot;test_dcae_policies_node_id&quot;, &quot;relationships&quot;: [], &quot;runtime_properties&quot;: {}}, &quot;execution_id&quot;: &quot;test_dcae_policy_exe_id&quot;, &quot;task_queue&quot;: null, &quot;blueprint.id&quot;: &quot;test_dcae_policy_bp_id&quot;, &quot;node&quot;: {&quot;type_hierarchy&quot;: [&quot;dcae.nodes.policies&quot;], &quot;id&quot;: &quot;test_dcae_policies_node_name&quot;, &quot;name&quot;: &quot;test_dcae_policies_node_name&quot;, &quot;properties&quot;: {&quot;policy_filter&quot;: {&quot;policyName&quot;: &quot;monkeyed.Config_peach&quot;, &quot;configAttributes&quot;: &quot;{\&quot;ConfigName\&quot;: \&quot;alex_config_name\&quot;}&quot;}}, &quot;type&quot;: &quot;dcae.nodes.policies&quot;}, &quot;workflow_id&quot;: null, &quot;type&quot;: &quot;node-instance&quot;, &quot;deployment.id&quot;: &quot;test_dcae_policy_dpl_id&quot;, &quot;plugin&quot;: {&quot;workdir&quot;: null, &quot;package_version&quot;: null, &quot;name&quot;: &quot;&quot;, &quot;package_name&quot;: null, &quot;prefix&quot;: &quot;/home/coe123/Documents/CLAMP/backup/plugins/dcae-policy/.tox/py27&quot;}}
17:17:24 [INFO] [mock-context-logger] finding the latest polices from http://policy-handler/policies_latest by {&quot;policyName&quot;: &quot;monkeyed.Config_peach&quot;, &quot;requestID&quot;: &quot;4db87110-f784-40d1-b56d-620e615f2f34&quot;, &quot;configAttributes&quot;: {&quot;ConfigName&quot;: &quot;alex_config_name&quot;}} headers={&quot;X-ECOMP-RequestID&quot;: &quot;4db87110-f784-40d1-b56d-620e615f2f34&quot;}
17:17:24 [INFO] [mock-context-logger] finding the latest polices from http://policy-handler/policies_latest by {&quot;policyName&quot;: &quot;monkeyed.Config_peach&quot;, &quot;requestID&quot;: &quot;4db87110-f784-40d1-b56d-620e615f2f34&quot;, &quot;configAttributes&quot;: {&quot;ConfigName&quot;: &quot;alex_config_name&quot;}} headers={&quot;X-ECOMP-RequestID&quot;: &quot;4db87110-f784-40d1-b56d-620e615f2f34&quot;}
17:17:24 [INFO] [mock-context-logger] latest policies status(200) response: {&quot;latest_policies&quot;: {&quot;monkeyed.Config_peach&quot;: {&quot;policy_id&quot;: &quot;monkeyed.Config_peach&quot;, &quot;policy_body&quot;: {&quot;policyVersion&quot;: &quot;1&quot;, &quot;policyName&quot;: &quot;monkeyed.Config_peach.1.xml&quot;, &quot;responseAttributes&quot;: {}, &quot;policyConfigMessage&quot;: &quot;Config Retrieved! &quot;, &quot;type&quot;: &quot;JSON&quot;, &quot;property&quot;: null, &quot;matchingConditions&quot;: {&quot;ConfigName&quot;: &quot;alex_config_name&quot;, &quot;ONAPName&quot;: &quot;DCAE&quot;}, &quot;policyConfigStatus&quot;: &quot;CONFIG_RETRIEVED&quot;, &quot;config&quot;: {&quot;policy_updated_ts&quot;: &quot;2019-04-10T11:47:24.369Z&quot;, &quot;updated_policy_id&quot;: &quot;monkeyed.Config_peach&quot;, &quot;policy_updated_from_ver&quot;: &quot;0&quot;, &quot;policy_hello&quot;: &quot;world!&quot;, &quot;policy_updated_to_ver&quot;: &quot;1&quot;}}}}}
17:17:24 [INFO] [mock-context-logger] latest policies status(200) response: {&quot;latest_policies&quot;: {&quot;monkeyed.Config_peach&quot;: {&quot;policy_id&quot;: &quot;monkeyed.Config_peach&quot;, &quot;policy_body&quot;: {&quot;policyVersion&quot;: &quot;1&quot;, &quot;policyName&quot;: &quot;monkeyed.Config_peach.1.xml&quot;, &quot;responseAttributes&quot;: {}, &quot;policyConfigMessage&quot;: &quot;Config Retrieved! &quot;, &quot;type&quot;: &quot;JSON&quot;, &quot;property&quot;: null, &quot;matchingConditions&quot;: {&quot;ConfigName&quot;: &quot;alex_config_name&quot;, &quot;ONAPName&quot;: &quot;DCAE&quot;}, &quot;policyConfigStatus&quot;: &quot;CONFIG_RETRIEVED&quot;, &quot;config&quot;: {&quot;policy_updated_ts&quot;: &quot;2019-04-10T11:47:24.369Z&quot;, &quot;updated_policy_id&quot;: &quot;monkeyed.Config_peach&quot;, &quot;policy_updated_from_ver&quot;: &quot;0&quot;, &quot;policy_hello&quot;: &quot;world!&quot;, &quot;policy_updated_to_ver&quot;: &quot;1&quot;}}}}}
17:17:24 [INFO] [mock-context-logger] found policies by {&quot;policyName&quot;: &quot;monkeyed.Config_peach&quot;, &quot;requestID&quot;: &quot;4db87110-f784-40d1-b56d-620e615f2f34&quot;, &quot;configAttributes&quot;: {&quot;ConfigName&quot;: &quot;alex_config_name&quot;}}: {&quot;monkeyed.Config_peach&quot;: {&quot;policy_id&quot;: &quot;monkeyed.Config_peach&quot;, &quot;policy_body&quot;: {&quot;policyVersion&quot;: &quot;1&quot;, &quot;policyName&quot;: &quot;monkeyed.Config_peach.1.xml&quot;, &quot;responseAttributes&quot;: {}, &quot;policyConfigMessage&quot;: &quot;Config Retrieved! &quot;, &quot;type&quot;: &quot;JSON&quot;, &quot;property&quot;: null, &quot;matchingConditions&quot;: {&quot;ConfigName&quot;: &quot;alex_config_name&quot;, &quot;ONAPName&quot;: &quot;DCAE&quot;}, &quot;policyConfigStatus&quot;: &quot;CONFIG_RETRIEVED&quot;, &quot;config&quot;: {&quot;policy_updated_ts&quot;: &quot;2019-04-10T11:47:24.369Z&quot;, &quot;updated_policy_id&quot;: &quot;monkeyed.Config_peach&quot;, &quot;policy_updated_from_ver&quot;: &quot;0&quot;, &quot;policy_hello&quot;: &quot;world!&quot;, &quot;policy_updated_to_ver&quot;: &quot;1&quot;}}}}
17:17:24 [INFO] [mock-context-logger] found policies by {&quot;policyName&quot;: &quot;monkeyed.Config_peach&quot;, &quot;requestID&quot;: &quot;4db87110-f784-40d1-b56d-620e615f2f34&quot;, &quot;configAttributes&quot;: {&quot;ConfigName&quot;: &quot;alex_config_name&quot;}}: {&quot;monkeyed.Config_peach&quot;: {&quot;policy_id&quot;: &quot;monkeyed.Config_peach&quot;, &quot;policy_body&quot;: {&quot;policyVersion&quot;: &quot;1&quot;, &quot;policyName&quot;: &quot;monkeyed.Config_peach.1.xml&quot;, &quot;responseAttributes&quot;: {}, &quot;policyConfigMessage&quot;: &quot;Config Retrieved! &quot;, &quot;type&quot;: &quot;JSON&quot;, &quot;property&quot;: null, &quot;matchingConditions&quot;: {&quot;ConfigName&quot;: &quot;alex_config_name&quot;, &quot;ONAPName&quot;: &quot;DCAE&quot;}, &quot;policyConfigStatus&quot;: &quot;CONFIG_RETRIEVED&quot;, &quot;config&quot;: {&quot;policy_updated_ts&quot;: &quot;2019-04-10T11:47:24.369Z&quot;, &quot;updated_policy_id&quot;: &quot;monkeyed.Config_peach&quot;, &quot;policy_updated_from_ver&quot;: &quot;0&quot;, &quot;policy_hello&quot;: &quot;world!&quot;, &quot;policy_updated_to_ver&quot;: &quot;1&quot;}}}}
17:17:24 [INFO] [mock-context-logger] exit policy_get
17:17:24 [INFO] [mock-context-logger] exit policy_get
17:17:24 [INFO] [mock-context-logger] after policy_get test_dcae_policies_node_id context: {&quot;task_name&quot;: null, &quot;task_target&quot;: null, &quot;task_id&quot;: null, &quot;operation&quot;: {&quot;retry_number&quot;: null, &quot;name&quot;: null, &quot;max_retries&quot;: null}, &quot;instance&quot;: {&quot;id&quot;: &quot;test_dcae_policies_node_id&quot;, &quot;relationships&quot;: [], &quot;runtime_properties&quot;: {&quot;policies_filtered&quot;: {&quot;monkeyed.Config_peach&quot;: {&quot;policy_id&quot;: &quot;monkeyed.Config_peach&quot;, &quot;policy_body&quot;: {&quot;policyVersion&quot;: &quot;1&quot;, &quot;policyName&quot;: &quot;monkeyed.Config_peach.1.xml&quot;, &quot;responseAttributes&quot;: {}, &quot;policyConfigMessage&quot;: &quot;Config Retrieved! &quot;, &quot;type&quot;: &quot;JSON&quot;, &quot;property&quot;: null, &quot;matchingConditions&quot;: {&quot;ConfigName&quot;: &quot;alex_config_name&quot;, &quot;ONAPName&quot;: &quot;DCAE&quot;}, &quot;policyConfigStatus&quot;: &quot;CONFIG_RETRIEVED&quot;, &quot;config&quot;: {&quot;policy_updated_ts&quot;: &quot;2019-04-10T11:47:24.369Z&quot;, &quot;updated_policy_id&quot;: &quot;monkeyed.Config_peach&quot;, &quot;policy_updated_from_ver&quot;: &quot;0&quot;, &quot;policy_hello&quot;: &quot;world!&quot;, &quot;policy_updated_to_ver&quot;: &quot;1&quot;}}}}}}, &quot;execution_id&quot;: &quot;test_dcae_policy_exe_id&quot;, &quot;task_queue&quot;: null, &quot;blueprint.id&quot;: &quot;test_dcae_policy_bp_id&quot;, &quot;node&quot;: {&quot;type_hierarchy&quot;: [&quot;dcae.nodes.policies&quot;], &quot;id&quot;: &quot;test_dcae_policies_node_name&quot;, &quot;name&quot;: &quot;test_dcae_policies_node_name&quot;, &quot;properties&quot;: {&quot;policy_filter&quot;: {&quot;policyName&quot;: &quot;monkeyed.Config_peach&quot;, &quot;configAttributes&quot;: &quot;{\&quot;ConfigName\&quot;: \&quot;alex_config_name\&quot;}&quot;}}, &quot;type&quot;: &quot;dcae.nodes.policies&quot;}, &quot;workflow_id&quot;: null, &quot;type&quot;: &quot;node-instance&quot;, &quot;deployment.id&quot;: &quot;test_dcae_policy_dpl_id&quot;, &quot;plugin&quot;: {&quot;workdir&quot;: null, &quot;package_version&quot;: null, &quot;name&quot;: &quot;&quot;, &quot;package_name&quot;: null, &quot;prefix&quot;: &quot;/home/coe123/Documents/CLAMP/backup/plugins/dcae-policy/.tox/py27&quot;}}
17:17:24 [INFO] [mock-context-logger] after policy_get test_dcae_policies_node_id context: {&quot;task_name&quot;: null, &quot;task_target&quot;: null, &quot;task_id&quot;: null, &quot;operation&quot;: {&quot;retry_number&quot;: null, &quot;name&quot;: null, &quot;max_retries&quot;: null}, &quot;instance&quot;: {&quot;id&quot;: &quot;test_dcae_policies_node_id&quot;, &quot;relationships&quot;: [], &quot;runtime_properties&quot;: {&quot;policies_filtered&quot;: {&quot;monkeyed.Config_peach&quot;: {&quot;policy_id&quot;: &quot;monkeyed.Config_peach&quot;, &quot;policy_body&quot;: {&quot;policyVersion&quot;: &quot;1&quot;, &quot;policyName&quot;: &quot;monkeyed.Config_peach.1.xml&quot;, &quot;responseAttributes&quot;: {}, &quot;policyConfigMessage&quot;: &quot;Config Retrieved! &quot;, &quot;type&quot;: &quot;JSON&quot;, &quot;property&quot;: null, &quot;matchingConditions&quot;: {&quot;ConfigName&quot;: &quot;alex_config_name&quot;, &quot;ONAPName&quot;: &quot;DCAE&quot;}, &quot;policyConfigStatus&quot;: &quot;CONFIG_RETRIEVED&quot;, &quot;config&quot;: {&quot;policy_updated_ts&quot;: &quot;2019-04-10T11:47:24.369Z&quot;, &quot;updated_policy_id&quot;: &quot;monkeyed.Config_peach&quot;, &quot;policy_updated_from_ver&quot;: &quot;0&quot;, &quot;policy_hello&quot;: &quot;world!&quot;, &quot;policy_updated_to_ver&quot;: &quot;1&quot;}}}}}}, &quot;execution_id&quot;: &quot;test_dcae_policy_exe_id&quot;, &quot;task_queue&quot;: null, &quot;blueprint.id&quot;: &quot;test_dcae_policy_bp_id&quot;, &quot;node&quot;: {&quot;type_hierarchy&quot;: [&quot;dcae.nodes.policies&quot;], &quot;id&quot;: &quot;test_dcae_policies_node_name&quot;, &quot;name&quot;: &quot;test_dcae_policies_node_name&quot;, &quot;properties&quot;: {&quot;policy_filter&quot;: {&quot;policyName&quot;: &quot;monkeyed.Config_peach&quot;, &quot;configAttributes&quot;: &quot;{\&quot;ConfigName\&quot;: \&quot;alex_config_name\&quot;}&quot;}}, &quot;type&quot;: &quot;dcae.nodes.policies&quot;}, &quot;workflow_id&quot;: null, &quot;type&quot;: &quot;node-instance&quot;, &quot;deployment.id&quot;: &quot;test_dcae_policy_dpl_id&quot;, &quot;plugin&quot;: {&quot;workdir&quot;: null, &quot;package_version&quot;: null, &quot;name&quot;: &quot;&quot;, &quot;package_name&quot;: null, &quot;prefix&quot;: &quot;/home/coe123/Documents/CLAMP/backup/plugins/dcae-policy/.tox/py27&quot;}}
17:17:24 [INFO] [mock-context-logger] expected runtime_properties: {&quot;policies_filtered&quot;: {&quot;monkeyed.Config_peach&quot;: {&quot;policy_id&quot;: &quot;monkeyed.Config_peach&quot;, &quot;policy_body&quot;: {&quot;policyVersion&quot;: &quot;1&quot;, &quot;policyName&quot;: &quot;monkeyed.Config_peach.1.xml&quot;, &quot;responseAttributes&quot;: {}, &quot;policyConfigMessage&quot;: &quot;Config Retrieved! &quot;, &quot;type&quot;: &quot;JSON&quot;, &quot;property&quot;: null, &quot;matchingConditions&quot;: {&quot;ConfigName&quot;: &quot;alex_config_name&quot;, &quot;ONAPName&quot;: &quot;DCAE&quot;}, &quot;policyConfigStatus&quot;: &quot;CONFIG_RETRIEVED&quot;, &quot;config&quot;: {&quot;policy_updated_ts&quot;: &quot;2019-04-10T11:47:24.369Z&quot;, &quot;updated_policy_id&quot;: &quot;monkeyed.Config_peach&quot;, &quot;policy_updated_from_ver&quot;: &quot;0&quot;, &quot;policy_hello&quot;: &quot;world!&quot;, &quot;policy_updated_to_ver&quot;: &quot;1&quot;}}}}}
17:17:24 [INFO] [mock-context-logger] expected runtime_properties: {&quot;policies_filtered&quot;: {&quot;monkeyed.Config_peach&quot;: {&quot;policy_id&quot;: &quot;monkeyed.Config_peach&quot;, &quot;policy_body&quot;: {&quot;policyVersion&quot;: &quot;1&quot;, &quot;policyName&quot;: &quot;monkeyed.Config_peach.1.xml&quot;, &quot;responseAttributes&quot;: {}, &quot;policyConfigMessage&quot;: &quot;Config Retrieved! &quot;, &quot;type&quot;: &quot;JSON&quot;, &quot;property&quot;: null, &quot;matchingConditions&quot;: {&quot;ConfigName&quot;: &quot;alex_config_name&quot;, &quot;ONAPName&quot;: &quot;DCAE&quot;}, &quot;policyConfigStatus&quot;: &quot;CONFIG_RETRIEVED&quot;, &quot;config&quot;: {&quot;policy_updated_ts&quot;: &quot;2019-04-10T11:47:24.369Z&quot;, &quot;updated_policy_id&quot;: &quot;monkeyed.Config_peach&quot;, &quot;policy_updated_from_ver&quot;: &quot;0&quot;, &quot;policy_hello&quot;: &quot;world!&quot;, &quot;policy_updated_to_ver&quot;: &quot;1&quot;}}}}}
17:17:24 [INFO] [mock-context-logger] runtime_properties: {&quot;policies_filtered&quot;: {&quot;monkeyed.Config_peach&quot;: {&quot;policy_id&quot;: &quot;monkeyed.Config_peach&quot;, &quot;policy_body&quot;: {&quot;policyVersion&quot;: &quot;1&quot;, &quot;policyName&quot;: &quot;monkeyed.Config_peach.1.xml&quot;, &quot;responseAttributes&quot;: {}, &quot;policyConfigMessage&quot;: &quot;Config Retrieved! &quot;, &quot;type&quot;: &quot;JSON&quot;, &quot;property&quot;: null, &quot;matchingConditions&quot;: {&quot;ConfigName&quot;: &quot;alex_config_name&quot;, &quot;ONAPName&quot;: &quot;DCAE&quot;}, &quot;policyConfigStatus&quot;: &quot;CONFIG_RETRIEVED&quot;, &quot;config&quot;: {&quot;policy_updated_ts&quot;: &quot;2019-04-10T11:47:24.369Z&quot;, &quot;updated_policy_id&quot;: &quot;monkeyed.Config_peach&quot;, &quot;policy_updated_from_ver&quot;: &quot;0&quot;, &quot;policy_hello&quot;: &quot;world!&quot;, &quot;policy_updated_to_ver&quot;: &quot;1&quot;}}}}}
17:17:24 [INFO] [mock-context-logger] runtime_properties: {&quot;policies_filtered&quot;: {&quot;monkeyed.Config_peach&quot;: {&quot;policy_id&quot;: &quot;monkeyed.Config_peach&quot;, &quot;policy_body&quot;: {&quot;policyVersion&quot;: &quot;1&quot;, &quot;policyName&quot;: &quot;monkeyed.Config_peach.1.xml&quot;, &quot;responseAttributes&quot;: {}, &quot;policyConfigMessage&quot;: &quot;Config Retrieved! &quot;, &quot;type&quot;: &quot;JSON&quot;, &quot;property&quot;: null, &quot;matchingConditions&quot;: {&quot;ConfigName&quot;: &quot;alex_config_name&quot;, &quot;ONAPName&quot;: &quot;DCAE&quot;}, &quot;policyConfigStatus&quot;: &quot;CONFIG_RETRIEVED&quot;, &quot;config&quot;: {&quot;policy_updated_ts&quot;: &quot;2019-04-10T11:47:24.369Z&quot;, &quot;updated_policy_id&quot;: &quot;monkeyed.Config_peach&quot;, &quot;policy_updated_from_ver&quot;: &quot;0&quot;, &quot;policy_hello&quot;: &quot;world!&quot;, &quot;policy_updated_to_ver&quot;: &quot;1&quot;}}}}}
</system-out></testcase><testcase classname="tests.test_tasks" file="tests/test_tasks.py" line="157" name="test_policies_find_fail" time="0.004"><system-out>17:17:24 [INFO] [mock-context-logger] ctx of node_ms_multi not policy type test_ms_multi_id context: {&quot;task_name&quot;: null, &quot;task_target&quot;: null, &quot;task_id&quot;: null, &quot;operation&quot;: {&quot;retry_number&quot;: null, &quot;name&quot;: null, &quot;max_retries&quot;: null}, &quot;instance&quot;: {&quot;id&quot;: &quot;test_ms_multi_id&quot;, &quot;relationships&quot;: [{&quot;target&quot;: {&quot;instance&quot;: {&quot;id&quot;: &quot;test_dcae_policies_node_id&quot;, &quot;relationships&quot;: [], &quot;runtime_properties&quot;: {}}, &quot;node&quot;: {&quot;type_hierarchy&quot;: [&quot;dcae.nodes.policies&quot;], &quot;id&quot;: &quot;test_dcae_policies_node_name&quot;, &quot;name&quot;: &quot;test_dcae_policies_node_name&quot;, &quot;properties&quot;: {&quot;policy_filter&quot;: {&quot;policyName&quot;: &quot;monkeyed.Config_peach&quot;, &quot;configAttributes&quot;: &quot;{\&quot;ConfigName\&quot;: \&quot;alex_config_name\&quot;}&quot;}}, &quot;type&quot;: &quot;dcae.nodes.policies&quot;}}, &quot;type_hierarchy&quot;: [&quot;cloudify.relationships.depends_on&quot;], &quot;type&quot;: &quot;cloudify.relationships.depends_on&quot;}], &quot;runtime_properties&quot;: {}}, &quot;execution_id&quot;: &quot;test_dcae_policy_exe_id&quot;, &quot;task_queue&quot;: null, &quot;blueprint.id&quot;: &quot;test_dcae_policy_bp_id&quot;, &quot;node&quot;: {&quot;type_hierarchy&quot;: [&quot;ms.nodes.type&quot;], &quot;id&quot;: &quot;test_ms_multi_name&quot;, &quot;name&quot;: &quot;test_ms_multi_name&quot;, &quot;properties&quot;: {}, &quot;type&quot;: &quot;ms.nodes.type&quot;}, &quot;workflow_id&quot;: null, &quot;type&quot;: &quot;node-instance&quot;, &quot;deployment.id&quot;: &quot;test_dcae_policy_dpl_id&quot;, &quot;plugin&quot;: {&quot;workdir&quot;: null, &quot;package_version&quot;: null, &quot;name&quot;: &quot;&quot;, &quot;package_name&quot;: null, &quot;prefix&quot;: &quot;/home/coe123/Documents/CLAMP/backup/plugins/dcae-policy/.tox/py27&quot;}}
17:17:24 [INFO] [mock-context-logger] ctx of node_ms_multi not policy type test_ms_multi_id context: {&quot;task_name&quot;: null, &quot;task_target&quot;: null, &quot;task_id&quot;: null, &quot;operation&quot;: {&quot;retry_number&quot;: null, &quot;name&quot;: null, &quot;max_retries&quot;: null}, &quot;instance&quot;: {&quot;id&quot;: &quot;test_ms_multi_id&quot;, &quot;relationships&quot;: [{&quot;target&quot;: {&quot;instance&quot;: {&quot;id&quot;: &quot;test_dcae_policies_node_id&quot;, &quot;relationships&quot;: [], &quot;runtime_properties&quot;: {}}, &quot;node&quot;: {&quot;type_hierarchy&quot;: [&quot;dcae.nodes.policies&quot;], &quot;id&quot;: &quot;test_dcae_policies_node_name&quot;, &quot;name&quot;: &quot;test_dcae_policies_node_name&quot;, &quot;properties&quot;: {&quot;policy_filter&quot;: {&quot;policyName&quot;: &quot;monkeyed.Config_peach&quot;, &quot;configAttributes&quot;: &quot;{\&quot;ConfigName\&quot;: \&quot;alex_config_name\&quot;}&quot;}}, &quot;type&quot;: &quot;dcae.nodes.policies&quot;}}, &quot;type_hierarchy&quot;: [&quot;cloudify.relationships.depends_on&quot;], &quot;type&quot;: &quot;cloudify.relationships.depends_on&quot;}], &quot;runtime_properties&quot;: {}}, &quot;execution_id&quot;: &quot;test_dcae_policy_exe_id&quot;, &quot;task_queue&quot;: null, &quot;blueprint.id&quot;: &quot;test_dcae_policy_bp_id&quot;, &quot;node&quot;: {&quot;type_hierarchy&quot;: [&quot;ms.nodes.type&quot;], &quot;id&quot;: &quot;test_ms_multi_name&quot;, &quot;name&quot;: &quot;test_ms_multi_name&quot;, &quot;properties&quot;: {}, &quot;type&quot;: &quot;ms.nodes.type&quot;}, &quot;workflow_id&quot;: null, &quot;type&quot;: &quot;node-instance&quot;, &quot;deployment.id&quot;: &quot;test_dcae_policy_dpl_id&quot;, &quot;plugin&quot;: {&quot;workdir&quot;: null, &quot;package_version&quot;: null, &quot;name&quot;: &quot;&quot;, &quot;package_name&quot;: null, &quot;prefix&quot;: &quot;/home/coe123/Documents/CLAMP/backup/plugins/dcae-policy/.tox/py27&quot;}}
17:17:24 [ERROR] [mock-context-logger] unexpected node type [&apos;ms.nodes.type&apos;] for policy_get - expected types: [&apos;dcae.nodes.policy&apos;, &apos;dcae.nodes.policies&apos;]
17:17:24 [ERROR] [mock-context-logger] unexpected node type [&apos;ms.nodes.type&apos;] for policy_get - expected types: [&apos;dcae.nodes.policy&apos;, &apos;dcae.nodes.policies&apos;]
17:17:24 [INFO] [mock-context-logger] node_ms_multi not policy type boom: unexpected node type [&apos;ms.nodes.type&apos;] for policy_get - expected types: [&apos;dcae.nodes.policy&apos;, &apos;dcae.nodes.policies&apos;] test_ms_multi_id context: {&quot;task_name&quot;: null, &quot;task_target&quot;: null, &quot;task_id&quot;: null, &quot;operation&quot;: {&quot;retry_number&quot;: null, &quot;name&quot;: null, &quot;max_retries&quot;: null}, &quot;instance&quot;: {&quot;id&quot;: &quot;test_ms_multi_id&quot;, &quot;relationships&quot;: [{&quot;target&quot;: {&quot;instance&quot;: {&quot;id&quot;: &quot;test_dcae_policies_node_id&quot;, &quot;relationships&quot;: [], &quot;runtime_properties&quot;: {}}, &quot;node&quot;: {&quot;type_hierarchy&quot;: [&quot;dcae.nodes.policies&quot;], &quot;id&quot;: &quot;test_dcae_policies_node_name&quot;, &quot;name&quot;: &quot;test_dcae_policies_node_name&quot;, &quot;properties&quot;: {&quot;policy_filter&quot;: {&quot;policyName&quot;: &quot;monkeyed.Config_peach&quot;, &quot;configAttributes&quot;: &quot;{\&quot;ConfigName\&quot;: \&quot;alex_config_name\&quot;}&quot;}}, &quot;type&quot;: &quot;dcae.nodes.policies&quot;}}, &quot;type_hierarchy&quot;: [&quot;cloudify.relationships.depends_on&quot;], &quot;type&quot;: &quot;cloudify.relationships.depends_on&quot;}], &quot;runtime_properties&quot;: {}}, &quot;execution_id&quot;: &quot;test_dcae_policy_exe_id&quot;, &quot;task_queue&quot;: null, &quot;blueprint.id&quot;: &quot;test_dcae_policy_bp_id&quot;, &quot;node&quot;: {&quot;type_hierarchy&quot;: [&quot;ms.nodes.type&quot;], &quot;id&quot;: &quot;test_ms_multi_name&quot;, &quot;name&quot;: &quot;test_ms_multi_name&quot;, &quot;properties&quot;: {}, &quot;type&quot;: &quot;ms.nodes.type&quot;}, &quot;workflow_id&quot;: null, &quot;type&quot;: &quot;node-instance&quot;, &quot;deployment.id&quot;: &quot;test_dcae_policy_dpl_id&quot;, &quot;plugin&quot;: {&quot;workdir&quot;: null, &quot;package_version&quot;: null, &quot;name&quot;: &quot;&quot;, &quot;package_name&quot;: null, &quot;prefix&quot;: &quot;/home/coe123/Documents/CLAMP/backup/plugins/dcae-policy/.tox/py27&quot;}}
17:17:24 [INFO] [mock-context-logger] node_ms_multi not policy type boom: unexpected node type [&apos;ms.nodes.type&apos;] for policy_get - expected types: [&apos;dcae.nodes.policy&apos;, &apos;dcae.nodes.policies&apos;] test_ms_multi_id context: {&quot;task_name&quot;: null, &quot;task_target&quot;: null, &quot;task_id&quot;: null, &quot;operation&quot;: {&quot;retry_number&quot;: null, &quot;name&quot;: null, &quot;max_retries&quot;: null}, &quot;instance&quot;: {&quot;id&quot;: &quot;test_ms_multi_id&quot;, &quot;relationships&quot;: [{&quot;target&quot;: {&quot;instance&quot;: {&quot;id&quot;: &quot;test_dcae_policies_node_id&quot;, &quot;relationships&quot;: [], &quot;runtime_properties&quot;: {}}, &quot;node&quot;: {&quot;type_hierarchy&quot;: [&quot;dcae.nodes.policies&quot;], &quot;id&quot;: &quot;test_dcae_policies_node_name&quot;, &quot;name&quot;: &quot;test_dcae_policies_node_name&quot;, &quot;properties&quot;: {&quot;policy_filter&quot;: {&quot;policyName&quot;: &quot;monkeyed.Config_peach&quot;, &quot;configAttributes&quot;: &quot;{\&quot;ConfigName\&quot;: \&quot;alex_config_name\&quot;}&quot;}}, &quot;type&quot;: &quot;dcae.nodes.policies&quot;}}, &quot;type_hierarchy&quot;: [&quot;cloudify.relationships.depends_on&quot;], &quot;type&quot;: &quot;cloudify.relationships.depends_on&quot;}], &quot;runtime_properties&quot;: {}}, &quot;execution_id&quot;: &quot;test_dcae_policy_exe_id&quot;, &quot;task_queue&quot;: null, &quot;blueprint.id&quot;: &quot;test_dcae_policy_bp_id&quot;, &quot;node&quot;: {&quot;type_hierarchy&quot;: [&quot;ms.nodes.type&quot;], &quot;id&quot;: &quot;test_ms_multi_name&quot;, &quot;name&quot;: &quot;test_ms_multi_name&quot;, &quot;properties&quot;: {}, &quot;type&quot;: &quot;ms.nodes.type&quot;}, &quot;workflow_id&quot;: null, &quot;type&quot;: &quot;node-instance&quot;, &quot;deployment.id&quot;: &quot;test_dcae_policy_dpl_id&quot;, &quot;plugin&quot;: {&quot;workdir&quot;: null, &quot;package_version&quot;: null, &quot;name&quot;: &quot;&quot;, &quot;package_name&quot;: null, &quot;prefix&quot;: &quot;/home/coe123/Documents/CLAMP/backup/plugins/dcae-policy/.tox/py27&quot;}}
</system-out></testcase></testsuite>