<?xml version="1.0" encoding="utf-8"?><testsuite errors="0" failures="0" name="pytest" skipped="0" tests="6" time="0.485"><testcase classname="tests.test_cdap_plugin" file="tests/test_cdap_plugin.py" line="70" name="test_validate_cons" time="0.003"></testcase><testcase classname="tests.test_cdap_plugin" file="tests/test_cdap_plugin.py" line="88" name="test_nonr_dec" time="0.001"></testcase><testcase classname="tests.test_discovery" file="tests/test_discovery.py" line="49" name="test_put_broker" time="0.004"><system-err>2019-04-10 17:14:45,236 [test_discovery] INFO     (&lt;test_discovery.FakeResponse instance at 0x7f5a2c232bd8&gt;, 200, &quot;URL: http://666.666.666.666:666/application/test_scn, headers {&apos;content-type&apos;: &apos;application/json&apos;}&quot;)
</system-err></testcase><testcase classname="tests.test_discovery" file="tests/test_discovery.py" line="71" name="test_reconfigure_in_broker" time="0.002"><system-err>2019-04-10 17:14:45,243 [test_discovery] INFO     (&lt;test_discovery.FakeResponse instance at 0x7f5a2c1cc320&gt;, 200, &quot;URL: http://666.666.666.666:666/application/test_scn/reconfigure, headers {&apos;content-type&apos;: &apos;application/json&apos;}&quot;)
</system-err></testcase><testcase classname="tests.test_discovery" file="tests/test_discovery.py" line="84" name="test_delete_on_broker" time="0.002"><system-err>2019-04-10 17:14:45,247 [test_discovery] INFO     (&lt;test_discovery.FakeResponse instance at 0x7f5a2c1cc758&gt;, 200, &apos;URL: http://666.666.666.666:666/application/test_scn&apos;)
</system-err></testcase><testcase classname="tests.test_discovery" file="tests/test_discovery.py" line="94" name="test_multi_delete" time="0.003"><system-err>2019-04-10 17:14:45,252 [test_discovery] INFO     Trying to connect to broker called test_broker at http://666.666.666.666:666
2019-04-10 17:14:45,252 [test_discovery] INFO     Trying to delete: [u&apos;yo1&apos;, u&apos;yo2&apos;]
2019-04-10 17:14:45,253 [test_discovery] INFO     (&lt;test_discovery.FakeResponse instance at 0x7f5a2c1ccea8&gt;, 200, &quot;URL: http://666.666.666.666:666/application/delete, headers {&apos;content-type&apos;: &apos;application/json&apos;}&quot;)
</system-err></testcase></testsuite>